2025-06-14 11:25:44 [Elixir.DeeperHubWeb.Resources.CMS.PageResource] Erro ao criar página: ["layout_id deve ser um número inteiro", "page_type_id deve ser um número inteiro", "title_system é obrigatório e deve ter pelo menos 2 caracteres", "name é obrigatório e deve ter pelo menos 2 caracteres"]
2025-06-14 11:25:52 [Elixir.DeeperHub.Core.Data.Repo] Falha na consulta. SQL: INSERT INTO cms_pages (
  name, uri, title_system, title, description, module, page_type_id, layout_id,
  meta_title, meta_description, meta_keywords, meta_robots, is_active, is_system,
  is_home, sticky_columns, cache_lifetime, cache_editable, visible_for_levels,
  visible_for_levels_editable, inject_head, inject_footer, config_api, custom_css,
  custom_js, author_id, is_deletable, is_editable, created_at, updated_at, published_at
) VALUES (
  $1, $2, $3, $4, $5, $6, $7, $8, $9, $10, $11, $12, $13, $14, $15, $16, $17, $18,
  $19, $20, $21, $22, $23, $24, $25, $26, $27, $28, $29, $30, $31
) RETURNING id
, Parâmetros: ["test", "/test", "Test System", "Test", "", "cms", 1, 1, "", "", "", "index,follow", true, false, false, false, 0, true, 2147483647, true, "", "", "", "", "", nil, true, true, ~U[2025-06-14 11:25:52.680000Z], ~U[2025-06-14 11:25:52.680000Z], nil], Erro: %Exqlite.Error{message: "UNIQUE constraint failed: cms_pages.uri", statement: "INSERT INTO cms_pages (\r\n  name, uri, title_system, title, description, module, page_type_id, layout_id,\r\n  meta_title, meta_description, meta_keywords, meta_robots, is_active, is_system,\r\n  is_home, sticky_columns, cache_lifetime, cache_editable, visible_for_levels,\r\n  visible_for_levels_editable, inject_head, inject_footer, config_api, custom_css,\r\n  custom_js, author_id, is_deletable, is_editable, created_at, updated_at, published_at\r\n) VALUES (\r\n  $1, $2, $3, $4, $5, $6, $7, $8, $9, $10, $11, $12, $13, $14, $15, $16, $17, $18,\r\n  $19, $20, $21, $22, $23, $24, $25, $26, $27, $28, $29, $30, $31\r\n) RETURNING id\r\n"}
2025-06-14 11:25:52 [Elixir.DeeperHubWeb.Resources.CMS.PageResource] Erro ao criar página: %Exqlite.Error{message: "UNIQUE constraint failed: cms_pages.uri", statement: "INSERT INTO cms_pages (\r\n  name, uri, title_system, title, description, module, page_type_id, layout_id,\r\n  meta_title, meta_description, meta_keywords, meta_robots, is_active, is_system,\r\n  is_home, sticky_columns, cache_lifetime, cache_editable, visible_for_levels,\r\n  visible_for_levels_editable, inject_head, inject_footer, config_api, custom_css,\r\n  custom_js, author_id, is_deletable, is_editable, created_at, updated_at, published_at\r\n) VALUES (\r\n  $1, $2, $3, $4, $5, $6, $7, $8, $9, $10, $11, $12, $13, $14, $15, $16, $17, $18,\r\n  $19, $20, $21, $22, $23, $24, $25, $26, $27, $28, $29, $30, $31\r\n) RETURNING id\r\n"}
2025-06-14 11:27:36 [Elixir.DeeperHub.Core.Data.Repo] Falha na consulta. SQL: INSERT INTO cms_pages (
  name, uri, title_system, title, description, module, page_type_id, layout_id,
  meta_title, meta_description, meta_keywords, meta_robots, is_active, is_system,
  is_home, sticky_columns, cache_lifetime, cache_editable, visible_for_levels,
  visible_for_levels_editable, inject_head, inject_footer, config_api, custom_css,
  custom_js, author_id, is_deletable, is_editable, created_at, updated_at, published_at
) VALUES (
  $1, $2, $3, $4, $5, $6, $7, $8, $9, $10, $11, $12, $13, $14, $15, $16, $17, $18,
  $19, $20, $21, $22, $23, $24, $25, $26, $27, $28, $29, $30, $31
) RETURNING id
, Parâmetros: ["test", "/test", "Test System", "Test", "", "cms", 1, 1, "", "", "", "index,follow", true, false, false, false, 0, true, 2147483647, true, "", "", "", "", "", nil, true, true, ~U[2025-06-14 11:27:36.793000Z], ~U[2025-06-14 11:27:36.793000Z], nil], Erro: %Exqlite.Error{message: "UNIQUE constraint failed: cms_pages.uri", statement: "INSERT INTO cms_pages (\r\n  name, uri, title_system, title, description, module, page_type_id, layout_id,\r\n  meta_title, meta_description, meta_keywords, meta_robots, is_active, is_system,\r\n  is_home, sticky_columns, cache_lifetime, cache_editable, visible_for_levels,\r\n  visible_for_levels_editable, inject_head, inject_footer, config_api, custom_css,\r\n  custom_js, author_id, is_deletable, is_editable, created_at, updated_at, published_at\r\n) VALUES (\r\n  $1, $2, $3, $4, $5, $6, $7, $8, $9, $10, $11, $12, $13, $14, $15, $16, $17, $18,\r\n  $19, $20, $21, $22, $23, $24, $25, $26, $27, $28, $29, $30, $31\r\n) RETURNING id\r\n"}
2025-06-14 11:27:36 [Elixir.DeeperHubWeb.Resources.CMS.PageResource] Erro ao criar página: %Exqlite.Error{message: "UNIQUE constraint failed: cms_pages.uri", statement: "INSERT INTO cms_pages (\r\n  name, uri, title_system, title, description, module, page_type_id, layout_id,\r\n  meta_title, meta_description, meta_keywords, meta_robots, is_active, is_system,\r\n  is_home, sticky_columns, cache_lifetime, cache_editable, visible_for_levels,\r\n  visible_for_levels_editable, inject_head, inject_footer, config_api, custom_css,\r\n  custom_js, author_id, is_deletable, is_editable, created_at, updated_at, published_at\r\n) VALUES (\r\n  $1, $2, $3, $4, $5, $6, $7, $8, $9, $10, $11, $12, $13, $14, $15, $16, $17, $18,\r\n  $19, $20, $21, $22, $23, $24, $25, $26, $27, $28, $29, $30, $31\r\n) RETURNING id\r\n"}
2025-06-14 11:29:26 [Elixir.DeeperHubWeb.Resources.CMS.PageResource] Erro ao criar página: ["layout_id deve ser um número inteiro", "page_type_id deve ser um número inteiro", "title_system é obrigatório e deve ter pelo menos 2 caracteres", "name é obrigatório e deve ter pelo menos 2 caracteres"]
